READ INPUT
FIRST SETS
1
First Set NT_PROGRAM: TK_MAIN, TK_FUNID, 

First Set NT_MAIN_FUNCTION: TK_MAIN, 

First Set NT_OTHER_FUNCTIONS: TK_FUNID, EPSILON, 

First Set NT_FUNCTION: TK_FUNID, 

First Set NT_INPUT_PAR: TK_INPUT, 

First Set NT_OUTPUT_PAR: TK_OUTPUT, EPSILON, 

First Set NT_PARAMETER_LIST: TK_UNION, TK_INT, TK_REAL, TK_RECORD, TK_RUID, 

First Set NT_DATA_TYPE: TK_UNION, TK_INT, TK_REAL, TK_RECORD, TK_RUID, 

First Set NT_PRIMITIVE_DATA_TYPE: TK_INT, TK_REAL, 

First Set NT_CONSTRUCTED_DATA_TYPE: TK_UNION, TK_RECORD, TK_RUID, 

First Set NT_REMAINING_LIST: TK_COMMA, EPSILON, 

First Set NT_STMTS: TK_WHILE, TK_UNION, TK_DEFINETYPE, TK_TYPE, TK_IF, TK_READ, TK_WRITE, TK_RETURN, TK_CALL, TK_RECORD, TK_SQL, TK_ID, 

First Set NT_TYPE_DEFINITIONS: TK_UNION, TK_DEFINETYPE, TK_RECORD, EPSILON, 

First Set NT_TYPE_DEFINITION: TK_UNION, TK_RECORD, 

First Set NT_FIELD_DEFINITIONS: TK_TYPE, 

First Set NT_FIELD_DEFINITION: TK_TYPE, 

First Set NT_MORE_FIELDS: TK_TYPE, EPSILON, 

First Set NT_DECLARATIONS: TK_TYPE, EPSILON, 

First Set NT_DECLARATION: TK_TYPE, 

First Set NT_GLOBAL_OR_NOT: TK_COLON, EPSILON, 

First Set NT_OTHER_STMTS: TK_WHILE, TK_IF, TK_READ, TK_WRITE, TK_CALL, TK_SQL, TK_ID, EPSILON, 

First Set NT_STMT: TK_WHILE, TK_IF, TK_READ, TK_WRITE, TK_CALL, TK_SQL, TK_ID, 

First Set NT_ASSIGNMENT_STMT: TK_ID, 

First Set NT_SINGLE_OR_REC_ID: TK_ID, 

First Set NT_REC_ID: TK_DOT, EPSILON, 

First Set NT_FUN_CALL_STMT: TK_CALL, TK_SQL, 

First Set NT_OUTPUT_PARAMETERS: TK_SQL, EPSILON, 

First Set NT_INPUT_PARAMETERS: TK_SQL, 

First Set NT_ITERATIVE_STMT: TK_WHILE, 

First Set NT_CONDITIONAL_STMT: TK_IF, 

First Set NT_NEW3: TK_ELSE, EPSILON, 

First Set NT_IO_STMT: TK_READ, TK_WRITE, 

First Set NT_ARITHMETIC_EXPRESSION: TK_OP, TK_ID, TK_RNUM, TK_NUM, 

First Set NT_NEW5: TK_PLUS, TK_MINUS, EPSILON, 

First Set NT_TERM: TK_OP, TK_ID, TK_RNUM, TK_NUM, 

First Set NT_NEW6: TK_MUL, TK_DIV, EPSILON, 

First Set NT_FACTOR: TK_OP, TK_ID, TK_RNUM, TK_NUM, 

First Set NT_OPERATOR: TK_PLUS, TK_MINUS, 

First Set NT_OP_H: TK_MUL, TK_DIV, 

First Set NT_BOOLEAN_EXPRESSION: TK_OP, TK_NOT, TK_ID, TK_RNUM, TK_NUM, 

First Set NT_VAR: TK_ID, TK_RNUM, TK_NUM, 

First Set NT_LOGICAL_OP: TK_AND, TK_OR, 

First Set NT_RELATIONAL_OP: TK_LE, TK_EQ, TK_GT, TK_GE, TK_NE, TK_LT, 

First Set NT_RETURN_STMT: TK_RETURN, 

First Set NT_OPTIONAL_RETURN: TK_SQL, EPSILON, 

First Set NT_ID_LIST: TK_ID, 

First Set NT_MORE_IDS: TK_COMMA, EPSILON, 

First Set NT_DEFINETYPE_STMT: TK_DEFINETYPE, 

First Set NT_A: TK_UNION, TK_RECORD, 

FIRST SET COMPUTED
Follow Set NT_PROGRAM: TK_EOF, 

Follow Set NT_MAIN_FUNCTION: TK_EOF, 

Follow Set NT_OTHER_FUNCTIONS: TK_MAIN, 

Follow Set NT_FUNCTION: TK_MAIN, TK_FUNID, 

Follow Set NT_INPUT_PAR: TK_OUTPUT, TK_SEM, 

Follow Set NT_OUTPUT_PAR: TK_SEM, 

Follow Set NT_PARAMETER_LIST: TK_SQR, 

Follow Set NT_DATA_TYPE: TK_COLON, TK_ID, 

Follow Set NT_PRIMITIVE_DATA_TYPE: TK_COLON, TK_ID, 

Follow Set NT_CONSTRUCTED_DATA_TYPE: TK_COLON, TK_ID, 

Follow Set NT_REMAINING_LIST: TK_SQR, 

Follow Set NT_STMTS: TK_END, 

Follow Set NT_TYPE_DEFINITIONS: TK_WHILE, TK_TYPE, TK_IF, TK_READ, TK_WRITE, TK_RETURN, TK_CALL, TK_SQL, TK_ID, 

Follow Set NT_TYPE_DEFINITION: TK_WHILE, TK_UNION, TK_DEFINETYPE, TK_TYPE, TK_IF, TK_READ, TK_WRITE, TK_RETURN, TK_CALL, TK_RECORD, TK_SQL, TK_ID, 

Follow Set NT_FIELD_DEFINITIONS: TK_ENDUNION, TK_TYPE, TK_ENDRECORD, 

Follow Set NT_FIELD_DEFINITION: TK_ENDUNION, TK_TYPE, TK_ENDRECORD, 

Follow Set NT_MORE_FIELDS: TK_ENDUNION, TK_TYPE, TK_ENDRECORD, 

Follow Set NT_DECLARATIONS: TK_WHILE, TK_IF, TK_READ, TK_WRITE, TK_RETURN, TK_CALL, TK_SQL, TK_ID, 

Follow Set NT_DECLARATION: TK_WHILE, TK_TYPE, TK_IF, TK_READ, TK_WRITE, TK_RETURN, TK_CALL, TK_SQL, TK_ID, 

Follow Set NT_GLOBAL_OR_NOT: TK_SEM, 

Follow Set NT_OTHER_STMTS: TK_ENDWHILE, TK_ENDIF, TK_RETURN, TK_ELSE, 

Follow Set NT_STMT: TK_WHILE, TK_ENDWHILE, TK_IF, TK_ENDIF, TK_READ, TK_WRITE, TK_RETURN, TK_CALL, TK_ELSE, TK_SQL, TK_ID, 

Follow Set NT_ASSIGNMENT_STMT: TK_WHILE, TK_ENDWHILE, TK_IF, TK_ENDIF, TK_READ, TK_WRITE, TK_RETURN, TK_CALL, TK_ELSE, TK_SQL, TK_ID, 

Follow Set NT_SINGLE_OR_REC_ID: TK_ASSIGNOP, TK_SEM, TK_CL, TK_PLUS, TK_MINUS, TK_MUL, TK_DIV, TK_LE, TK_EQ, TK_GT, TK_GE, TK_NE, TK_LT, 

Follow Set NT_REC_ID: TK_ASSIGNOP, TK_SEM, TK_CL, TK_PLUS, TK_MINUS, TK_MUL, TK_DIV, TK_LE, TK_EQ, TK_GT, TK_GE, TK_NE, TK_LT, 

Follow Set NT_FUN_CALL_STMT: TK_WHILE, TK_ENDWHILE, TK_IF, TK_ENDIF, TK_READ, TK_WRITE, TK_RETURN, TK_CALL, TK_ELSE, TK_SQL, TK_ID, 

Follow Set NT_OUTPUT_PARAMETERS: TK_CALL, 

Follow Set NT_INPUT_PARAMETERS: TK_SEM, 

Follow Set NT_ITERATIVE_STMT: TK_WHILE, TK_ENDWHILE, TK_IF, TK_ENDIF, TK_READ, TK_WRITE, TK_RETURN, TK_CALL, TK_ELSE, TK_SQL, TK_ID, 

Follow Set NT_CONDITIONAL_STMT: TK_WHILE, TK_ENDWHILE, TK_IF, TK_ENDIF, TK_READ, TK_WRITE, TK_RETURN, TK_CALL, TK_ELSE, TK_SQL, TK_ID, 

Follow Set NT_NEW3: TK_ENDIF, 

Follow Set NT_IO_STMT: TK_WHILE, TK_ENDWHILE, TK_IF, TK_ENDIF, TK_READ, TK_WRITE, TK_RETURN, TK_CALL, TK_ELSE, TK_SQL, TK_ID, 

Follow Set NT_ARITHMETIC_EXPRESSION: TK_SEM, TK_CL, 

Follow Set NT_NEW5: TK_SEM, TK_CL, 

Follow Set NT_TERM: TK_SEM, TK_CL, TK_PLUS, TK_MINUS, 

Follow Set NT_NEW6: TK_SEM, TK_CL, TK_PLUS, TK_MINUS, 

Follow Set NT_FACTOR: TK_SEM, TK_CL, TK_PLUS, TK_MINUS, TK_MUL, TK_DIV, 

Follow Set NT_OPERATOR: TK_OP, TK_ID, TK_RNUM, TK_NUM, 

Follow Set NT_OP_H: TK_OP, TK_ID, TK_RNUM, TK_NUM, 

Follow Set NT_BOOLEAN_EXPRESSION: TK_CL, 

Follow Set NT_VAR: TK_SEM, TK_CL, TK_PLUS, TK_MINUS, TK_MUL, TK_DIV, TK_LE, TK_EQ, TK_GT, TK_GE, TK_NE, TK_LT, 

Follow Set NT_LOGICAL_OP: TK_OP, 

Follow Set NT_RELATIONAL_OP: TK_ID, TK_RNUM, TK_NUM, 

Follow Set NT_RETURN_STMT: TK_END, 

Follow Set NT_OPTIONAL_RETURN: TK_SEM, 

Follow Set NT_ID_LIST: TK_SQR, 

Follow Set NT_MORE_IDS: TK_SQR, 

Follow Set NT_DEFINETYPE_STMT: TK_WHILE, TK_UNION, TK_DEFINETYPE, TK_TYPE, TK_IF, TK_READ, TK_WRITE, TK_RETURN, TK_CALL, TK_RECORD, TK_SQL, TK_ID, 

Follow Set NT_A: TK_RUID, 

FOLLOW SET COMPUTED
PARSING TABLE POPULATED
Cell[NT_FUNCTION][CARRIAGE_RETURN]:ERROR
Cell[NT_FUNCTION][TK_ASSIGNOP]:ERROR
Cell[NT_FUNCTION][TK_COMMENT]:ERROR
Cell[NT_FUNCTION][TK_WITH]:ERROR
Cell[NT_FUNCTION][TK_PARAMETERS]:ERROR
Cell[NT_FUNCTION][TK_END]:ERROR
Cell[NT_FUNCTION][TK_WHILE]:ERROR
Cell[NT_FUNCTION][TK_UNION]:ERROR
Cell[NT_FUNCTION][TK_ENDUNION]:ERROR
Cell[NT_FUNCTION][TK_DEFINETYPE]:ERROR
Cell[NT_FUNCTION][TK_AS]:ERROR
Cell[NT_FUNCTION][TK_TYPE]:ERROR
Cell[NT_FUNCTION][TK_MAIN]:ERROR
Cell[NT_FUNCTION][TK_GLOBAL]:ERROR
Cell[NT_FUNCTION][TK_PARAMETER]:ERROR
Cell[NT_FUNCTION][TK_LIST]:ERROR
Cell[NT_FUNCTION][TK_INPUT]:ERROR
Cell[NT_FUNCTION][TK_OUTPUT]:ERROR
Cell[NT_FUNCTION][TK_INT]:ERROR
Cell[NT_FUNCTION][TK_REAL]:ERROR
Cell[NT_FUNCTION][TK_ENDWHILE]:ERROR
Cell[NT_FUNCTION][TK_IF]:ERROR
Cell[NT_FUNCTION][TK_THEN]:ERROR
Cell[NT_FUNCTION][TK_ENDIF]:ERROR
Cell[NT_FUNCTION][TK_READ]:ERROR
Cell[NT_FUNCTION][TK_WRITE]:ERROR
Cell[NT_FUNCTION][TK_RETURN]:ERROR
Cell[NT_FUNCTION][TK_CALL]:ERROR
Cell[NT_FUNCTION][TK_RECORD]:ERROR
Cell[NT_FUNCTION][TK_ENDRECORD]:ERROR
Cell[NT_FUNCTION][TK_ELSE]:ERROR
Cell[NT_FUNCTION][TK_COMMA]:ERROR
Cell[NT_FUNCTION][TK_SEM]:ERROR
Cell[NT_FUNCTION][TK_COLON]:ERROR
Cell[NT_FUNCTION][TK_DOT]:ERROR
Cell[NT_FUNCTION][TK_OP]:ERROR
Cell[NT_FUNCTION][TK_CL]:ERROR
Cell[NT_FUNCTION][TK_SQR]:ERROR
Cell[NT_FUNCTION][TK_SQL]:ERROR
Cell[NT_FUNCTION][TK_PLUS]:ERROR
Cell[NT_FUNCTION][TK_MINUS]:ERROR
Cell[NT_FUNCTION][TK_MUL]:ERROR
Cell[NT_FUNCTION][TK_DIV]:ERROR
Cell[NT_FUNCTION][TK_AND]:ERROR
Cell[NT_FUNCTION][TK_OR]:ERROR
Cell[NT_FUNCTION][TK_NOT]:ERROR
Cell[NT_FUNCTION][TK_LT]:ERROR
Cell[NT_FUNCTION][TK_LT]:ERROR
Cell[NT_FUNCTION][TK_LE]:ERROR
Cell[NT_FUNCTION][TK_EQ]:ERROR
Cell[NT_FUNCTION][TK_GT]:ERROR
Cell[NT_FUNCTION][TK_GE]:ERROR
Cell[NT_FUNCTION][TK_NE]:ERROR
Cell[NT_FUNCTION][TK_FIELDID]:ERROR
Cell[NT_FUNCTION][TK_ID]:ERROR
Cell[NT_FUNCTION][TK_NUM]:ERROR
Cell[NT_FUNCTION][TK_NUM]:ERROR
Cell[NT_FUNCTION][TK_RNUM]:ERROR
Cell[NT_FUNCTION][TK_RNUM]:ERROR
Cell[NT_FUNCTION][TK_FUNID]:TK_FUNID NT_INPUT_PAR NT_OUTPUT_PAR TK_SEM NT_STMTS TK_END 
Cell[NT_FUNCTION][TK_RUID]:ERROR
Cell[NT_FUNCTION][DELIMITER]:ERROR
Cell[NT_FUNCTION][TK_RNUM]:ERROR
Cell[NT_FUNCTION][TK_NUM]:ERROR
Cell[NT_FUNCTION][TK_LT]:ERROR
Cell[NT_FUNCTION][EPSILON]:ERROR
Cell[NT_FUNCTION][TK_EOF]:ERROR
Line no. 1     Lexeme %                              Token TK_COMMENT
Line no. 2     Lexeme %                              Token TK_COMMENT
Line no. 3     Lexeme %                              Token TK_COMMENT
Line no. 4     Lexeme _sumN                          Token TK_FUNID
Stack before:
NT_PROGRAM 
Pushing rule NT_OTHER_FUNCTIONS NT_MAIN_FUNCTION 
NT_MAIN_FUNCTION NT_OTHER_FUNCTIONS Pushing rule NT_FUNCTION NT_OTHER_FUNCTIONS 
NT_OTHER_FUNCTIONS NT_FUNCTION Pushing rule TK_FUNID NT_INPUT_PAR NT_OUTPUT_PAR TK_SEM NT_STMTS TK_END 
TK_END NT_STMTS TK_SEM NT_OUTPUT_PAR NT_INPUT_PAR TK_FUNID Stack after:
NT_MAIN_FUNCTION NT_OTHER_FUNCTIONS TK_END NT_STMTS TK_SEM NT_OUTPUT_PAR NT_INPUT_PAR 
Line no. 4     Lexeme input                          Token TK_INPUT
Stack before:
NT_MAIN_FUNCTION NT_OTHER_FUNCTIONS TK_END NT_STMTS TK_SEM NT_OUTPUT_PAR NT_INPUT_PAR 
Pushing rule TK_INPUT TK_PARAMETER TK_LIST TK_SQL NT_PARAMETER_LIST TK_SQR 
TK_SQR NT_PARAMETER_LIST TK_SQL TK_LIST TK_PARAMETER TK_INPUT Stack after:
NT_MAIN_FUNCTION NT_OTHER_FUNCTIONS TK_END NT_STMTS TK_SEM NT_OUTPUT_PAR TK_SQR NT_PARAMETER_LIST TK_SQL TK_LIST TK_PARAMETER 
Line no. 4     Lexeme parameter                      Token TK_PARAMETER
Stack before:
NT_MAIN_FUNCTION NT_OTHER_FUNCTIONS TK_END NT_STMTS TK_SEM NT_OUTPUT_PAR TK_SQR NT_PARAMETER_LIST TK_SQL TK_LIST TK_PARAMETER 
Stack after:
NT_MAIN_FUNCTION NT_OTHER_FUNCTIONS TK_END NT_STMTS TK_SEM NT_OUTPUT_PAR TK_SQR NT_PARAMETER_LIST TK_SQL TK_LIST 
Line no. 4     Lexeme list                           Token TK_LIST
Stack before:
NT_MAIN_FUNCTION NT_OTHER_FUNCTIONS TK_END NT_STMTS TK_SEM NT_OUTPUT_PAR TK_SQR NT_PARAMETER_LIST TK_SQL TK_LIST 
Stack after:
NT_MAIN_FUNCTION NT_OTHER_FUNCTIONS TK_END NT_STMTS TK_SEM NT_OUTPUT_PAR TK_SQR NT_PARAMETER_LIST TK_SQL 
Line no. 4     Lexeme [                              Token TK_SQL
Stack before:
NT_MAIN_FUNCTION NT_OTHER_FUNCTIONS TK_END NT_STMTS TK_SEM NT_OUTPUT_PAR TK_SQR NT_PARAMETER_LIST TK_SQL 
Stack after:
NT_MAIN_FUNCTION NT_OTHER_FUNCTIONS TK_END NT_STMTS TK_SEM NT_OUTPUT_PAR TK_SQR NT_PARAMETER_LIST 
Line no. 4     Lexeme int                            Token TK_INT
Stack before:
NT_MAIN_FUNCTION NT_OTHER_FUNCTIONS TK_END NT_STMTS TK_SEM NT_OUTPUT_PAR TK_SQR NT_PARAMETER_LIST 
Pushing rule NT_DATA_TYPE TK_ID NT_REMAINING_LIST 
NT_REMAINING_LIST TK_ID NT_DATA_TYPE Pushing rule NT_PRIMITIVE_DATA_TYPE 
NT_PRIMITIVE_DATA_TYPE Pushing rule TK_INT 
TK_INT Stack after:
NT_MAIN_FUNCTION NT_OTHER_FUNCTIONS TK_END NT_STMTS TK_SEM NT_OUTPUT_PAR TK_SQR NT_REMAINING_LIST TK_ID 
Line no. 4     Lexeme d5cc34                         Token TK_ID
Stack before:
NT_MAIN_FUNCTION NT_OTHER_FUNCTIONS TK_END NT_STMTS TK_SEM NT_OUTPUT_PAR TK_SQR NT_REMAINING_LIST TK_ID 
Stack after:
NT_MAIN_FUNCTION NT_OTHER_FUNCTIONS TK_END NT_STMTS TK_SEM NT_OUTPUT_PAR TK_SQR NT_REMAINING_LIST 
Line no. 4     Lexeme ]                              Token TK_SQR
Stack before:
NT_MAIN_FUNCTION NT_OTHER_FUNCTIONS TK_END NT_STMTS TK_SEM NT_OUTPUT_PAR TK_SQR NT_REMAINING_LIST 
Pushing rule EPSILON 
Stack after:
NT_MAIN_FUNCTION NT_OTHER_FUNCTIONS TK_END NT_STMTS TK_SEM NT_OUTPUT_PAR 
Line no. 5     Lexeme output                         Token TK_OUTPUT
Stack before:
NT_MAIN_FUNCTION NT_OTHER_FUNCTIONS TK_END NT_STMTS TK_SEM NT_OUTPUT_PAR 
Pushing rule TK_OUTPUT TK_PARAMETER TK_LIST TK_SQL NT_PARAMETER_LIST TK_SQR 
TK_SQR NT_PARAMETER_LIST TK_SQL TK_LIST TK_PARAMETER TK_OUTPUT Stack after:
NT_MAIN_FUNCTION NT_OTHER_FUNCTIONS TK_END NT_STMTS TK_SEM TK_SQR NT_PARAMETER_LIST TK_SQL TK_LIST TK_PARAMETER 
Line no. 5     Lexeme parameter                      Token TK_PARAMETER
Stack before:
NT_MAIN_FUNCTION NT_OTHER_FUNCTIONS TK_END NT_STMTS TK_SEM TK_SQR NT_PARAMETER_LIST TK_SQL TK_LIST TK_PARAMETER 
Stack after:
NT_MAIN_FUNCTION NT_OTHER_FUNCTIONS TK_END NT_STMTS TK_SEM TK_SQR NT_PARAMETER_LIST TK_SQL TK_LIST 
Line no. 5     Lexeme list                           Token TK_LIST
Stack before:
NT_MAIN_FUNCTION NT_OTHER_FUNCTIONS TK_END NT_STMTS TK_SEM TK_SQR NT_PARAMETER_LIST TK_SQL TK_LIST 
Stack after:
NT_MAIN_FUNCTION NT_OTHER_FUNCTIONS TK_END NT_STMTS TK_SEM TK_SQR NT_PARAMETER_LIST TK_SQL 
Line no. 5     Lexeme [                              Token TK_SQL
Stack before:
NT_MAIN_FUNCTION NT_OTHER_FUNCTIONS TK_END NT_STMTS TK_SEM TK_SQR NT_PARAMETER_LIST TK_SQL 
Stack after:
NT_MAIN_FUNCTION NT_OTHER_FUNCTIONS TK_END NT_STMTS TK_SEM TK_SQR NT_PARAMETER_LIST 
Line no. 5     Lexeme real                           Token TK_REAL
Stack before:
NT_MAIN_FUNCTION NT_OTHER_FUNCTIONS TK_END NT_STMTS TK_SEM TK_SQR NT_PARAMETER_LIST 
Pushing rule NT_DATA_TYPE TK_ID NT_REMAINING_LIST 
NT_REMAINING_LIST TK_ID NT_DATA_TYPE Pushing rule NT_PRIMITIVE_DATA_TYPE 
NT_PRIMITIVE_DATA_TYPE Pushing rule TK_REAL 
TK_REAL Stack after:
NT_MAIN_FUNCTION NT_OTHER_FUNCTIONS TK_END NT_STMTS TK_SEM TK_SQR NT_REMAINING_LIST TK_ID 
Line no. 5     Lexeme d3                             Token TK_ID
Stack before:
NT_MAIN_FUNCTION NT_OTHER_FUNCTIONS TK_END NT_STMTS TK_SEM TK_SQR NT_REMAINING_LIST TK_ID 
Stack after:
NT_MAIN_FUNCTION NT_OTHER_FUNCTIONS TK_END NT_STMTS TK_SEM TK_SQR NT_REMAINING_LIST 
Line no. 5     Lexeme ]                              Token TK_SQR
Stack before:
NT_MAIN_FUNCTION NT_OTHER_FUNCTIONS TK_END NT_STMTS TK_SEM TK_SQR NT_REMAINING_LIST 
Pushing rule EPSILON 
Stack after:
NT_MAIN_FUNCTION NT_OTHER_FUNCTIONS TK_END NT_STMTS TK_SEM 
Line no. 5     Lexeme ;                              Token TK_SEM
Stack before:
NT_MAIN_FUNCTION NT_OTHER_FUNCTIONS TK_END NT_STMTS TK_SEM 
Stack after:
NT_MAIN_FUNCTION NT_OTHER_FUNCTIONS TK_END NT_STMTS 
Line no. 6     Lexeme type                           Token TK_TYPE
Stack before:
NT_MAIN_FUNCTION NT_OTHER_FUNCTIONS TK_END NT_STMTS 
Pushing rule NT_TYPE_DEFINITIONS NT_DECLARATIONS NT_OTHER_STMTS NT_RETURN_STMT 
NT_RETURN_STMT NT_OTHER_STMTS NT_DECLARATIONS NT_TYPE_DEFINITIONS Pushing rule EPSILON 
Pushing rule NT_DECLARATION NT_DECLARATIONS 
NT_DECLARATIONS NT_DECLARATION Pushing rule TK_TYPE NT_DATA_TYPE TK_COLON TK_ID NT_GLOBAL_OR_NOT TK_SEM 
TK_SEM NT_GLOBAL_OR_NOT TK_ID TK_COLON NT_DATA_TYPE TK_TYPE Stack after:
NT_MAIN_FUNCTION NT_OTHER_FUNCTIONS TK_END NT_RETURN_STMT NT_OTHER_STMTS NT_DECLARATIONS TK_SEM NT_GLOBAL_OR_NOT TK_ID TK_COLON NT_DATA_TYPE 
Line no. 6     Lexeme int                            Token TK_INT
Stack before:
NT_MAIN_FUNCTION NT_OTHER_FUNCTIONS TK_END NT_RETURN_STMT NT_OTHER_STMTS NT_DECLARATIONS TK_SEM NT_GLOBAL_OR_NOT TK_ID TK_COLON NT_DATA_TYPE 
Pushing rule NT_PRIMITIVE_DATA_TYPE 
NT_PRIMITIVE_DATA_TYPE Pushing rule TK_INT 
TK_INT Stack after:
NT_MAIN_FUNCTION NT_OTHER_FUNCTIONS TK_END NT_RETURN_STMT NT_OTHER_STMTS NT_DECLARATIONS TK_SEM NT_GLOBAL_OR_NOT TK_ID TK_COLON 
Line no. 6     Lexeme :                              Token TK_COLON
Stack before:
NT_MAIN_FUNCTION NT_OTHER_FUNCTIONS TK_END NT_RETURN_STMT NT_OTHER_STMTS NT_DECLARATIONS TK_SEM NT_GLOBAL_OR_NOT TK_ID TK_COLON 
Stack after:
NT_MAIN_FUNCTION NT_OTHER_FUNCTIONS TK_END NT_RETURN_STMT NT_OTHER_STMTS NT_DECLARATIONS TK_SEM NT_GLOBAL_OR_NOT TK_ID 
Line no. 6     Lexeme b5b567                         Token TK_ID
Stack before:
NT_MAIN_FUNCTION NT_OTHER_FUNCTIONS TK_END NT_RETURN_STMT NT_OTHER_STMTS NT_DECLARATIONS TK_SEM NT_GLOBAL_OR_NOT TK_ID 
Stack after:
NT_MAIN_FUNCTION NT_OTHER_FUNCTIONS TK_END NT_RETURN_STMT NT_OTHER_STMTS NT_DECLARATIONS TK_SEM NT_GLOBAL_OR_NOT 
Line no. 6     Lexeme ;                              Token TK_SEM
Stack before:
NT_MAIN_FUNCTION NT_OTHER_FUNCTIONS TK_END NT_RETURN_STMT NT_OTHER_STMTS NT_DECLARATIONS TK_SEM NT_GLOBAL_OR_NOT 
Pushing rule EPSILON 
Stack after:
NT_MAIN_FUNCTION NT_OTHER_FUNCTIONS TK_END NT_RETURN_STMT NT_OTHER_STMTS NT_DECLARATIONS 
Line no. 7     Lexeme b5b567                         Token TK_ID
Stack before:
NT_MAIN_FUNCTION NT_OTHER_FUNCTIONS TK_END NT_RETURN_STMT NT_OTHER_STMTS NT_DECLARATIONS 
Pushing rule EPSILON 
Pushing rule NT_STMT NT_OTHER_STMTS 
NT_OTHER_STMTS NT_STMT Pushing rule NT_ASSIGNMENT_STMT 
NT_ASSIGNMENT_STMT Pushing rule NT_SINGLE_OR_REC_ID TK_ASSIGNOP NT_ARITHMETIC_EXPRESSION TK_SEM 
TK_SEM NT_ARITHMETIC_EXPRESSION TK_ASSIGNOP NT_SINGLE_OR_REC_ID Pushing rule TK_ID NT_REC_ID 
NT_REC_ID TK_ID Stack after:
NT_MAIN_FUNCTION NT_OTHER_FUNCTIONS TK_END NT_RETURN_STMT NT_OTHER_STMTS TK_SEM NT_ARITHMETIC_EXPRESSION TK_ASSIGNOP NT_REC_ID 
Line no. 7     Lexeme <---                           Token TK_ASSIGNOP
Stack before:
NT_MAIN_FUNCTION NT_OTHER_FUNCTIONS TK_END NT_RETURN_STMT NT_OTHER_STMTS TK_SEM NT_ARITHMETIC_EXPRESSION TK_ASSIGNOP NT_REC_ID 
Pushing rule EPSILON 
Stack after:
NT_MAIN_FUNCTION NT_OTHER_FUNCTIONS TK_END NT_RETURN_STMT NT_OTHER_STMTS TK_SEM NT_ARITHMETIC_EXPRESSION 
Line no. 7     Lexeme 1                              Token TK_NUM
Stack before:
NT_MAIN_FUNCTION NT_OTHER_FUNCTIONS TK_END NT_RETURN_STMT NT_OTHER_STMTS TK_SEM NT_ARITHMETIC_EXPRESSION 
Pushing rule NT_TERM NT_NEW5 
NT_NEW5 NT_TERM Pushing rule NT_FACTOR NT_NEW6 
NT_NEW6 NT_FACTOR Pushing rule NT_VAR 
NT_VAR Pushing rule TK_NUM 
TK_NUM Stack after:
NT_MAIN_FUNCTION NT_OTHER_FUNCTIONS TK_END NT_RETURN_STMT NT_OTHER_STMTS TK_SEM NT_NEW5 NT_NEW6 
Line no. 7     Lexeme ;                              Token TK_SEM
Stack before:
NT_MAIN_FUNCTION NT_OTHER_FUNCTIONS TK_END NT_RETURN_STMT NT_OTHER_STMTS TK_SEM NT_NEW5 NT_NEW6 
Pushing rule EPSILON 
Pushing rule EPSILON 
Stack after:
NT_MAIN_FUNCTION NT_OTHER_FUNCTIONS TK_END NT_RETURN_STMT NT_OTHER_STMTS 
Line no. 8     Lexeme d3                             Token TK_ID
Stack before:
NT_MAIN_FUNCTION NT_OTHER_FUNCTIONS TK_END NT_RETURN_STMT NT_OTHER_STMTS 
Pushing rule NT_STMT NT_OTHER_STMTS 
NT_OTHER_STMTS NT_STMT Pushing rule NT_ASSIGNMENT_STMT 
NT_ASSIGNMENT_STMT Pushing rule NT_SINGLE_OR_REC_ID TK_ASSIGNOP NT_ARITHMETIC_EXPRESSION TK_SEM 
TK_SEM NT_ARITHMETIC_EXPRESSION TK_ASSIGNOP NT_SINGLE_OR_REC_ID Pushing rule TK_ID NT_REC_ID 
NT_REC_ID TK_ID Stack after:
NT_MAIN_FUNCTION NT_OTHER_FUNCTIONS TK_END NT_RETURN_STMT NT_OTHER_STMTS TK_SEM NT_ARITHMETIC_EXPRESSION TK_ASSIGNOP NT_REC_ID 
Line no. 8     Lexeme <---                           Token TK_ASSIGNOP
Stack before:
NT_MAIN_FUNCTION NT_OTHER_FUNCTIONS TK_END NT_RETURN_STMT NT_OTHER_STMTS TK_SEM NT_ARITHMETIC_EXPRESSION TK_ASSIGNOP NT_REC_ID 
Pushing rule EPSILON 
Stack after:
NT_MAIN_FUNCTION NT_OTHER_FUNCTIONS TK_END NT_RETURN_STMT NT_OTHER_STMTS TK_SEM NT_ARITHMETIC_EXPRESSION 
Line no. 8     Lexeme 0.00                           Token TK_RNUM
Stack before:
NT_MAIN_FUNCTION NT_OTHER_FUNCTIONS TK_END NT_RETURN_STMT NT_OTHER_STMTS TK_SEM NT_ARITHMETIC_EXPRESSION 
Pushing rule NT_TERM NT_NEW5 
NT_NEW5 NT_TERM Pushing rule NT_FACTOR NT_NEW6 
NT_NEW6 NT_FACTOR Pushing rule NT_VAR 
NT_VAR Pushing rule TK_RNUM 
TK_RNUM Stack after:
NT_MAIN_FUNCTION NT_OTHER_FUNCTIONS TK_END NT_RETURN_STMT NT_OTHER_STMTS TK_SEM NT_NEW5 NT_NEW6 
Line no. 8     Lexeme ;                              Token TK_SEM
Stack before:
NT_MAIN_FUNCTION NT_OTHER_FUNCTIONS TK_END NT_RETURN_STMT NT_OTHER_STMTS TK_SEM NT_NEW5 NT_NEW6 
Pushing rule EPSILON 
Pushing rule EPSILON 
Stack after:
NT_MAIN_FUNCTION NT_OTHER_FUNCTIONS TK_END NT_RETURN_STMT NT_OTHER_STMTS 
Line no. 9     Lexeme while                          Token TK_WHILE
Stack before:
NT_MAIN_FUNCTION NT_OTHER_FUNCTIONS TK_END NT_RETURN_STMT NT_OTHER_STMTS 
Pushing rule NT_STMT NT_OTHER_STMTS 
NT_OTHER_STMTS NT_STMT Pushing rule NT_ITERATIVE_STMT 
NT_ITERATIVE_STMT Pushing rule TK_WHILE TK_OP NT_BOOLEAN_EXPRESSION TK_CL NT_STMT NT_OTHER_STMTS TK_ENDWHILE 
TK_ENDWHILE NT_OTHER_STMTS NT_STMT TK_CL NT_BOOLEAN_EXPRESSION TK_OP TK_WHILE Stack after:
NT_MAIN_FUNCTION NT_OTHER_FUNCTIONS TK_END NT_RETURN_STMT NT_OTHER_STMTS TK_ENDWHILE NT_OTHER_STMTS NT_STMT TK_CL NT_BOOLEAN_EXPRESSION TK_OP 
Line no. 9     Lexeme (                              Token TK_OP
Stack before:
NT_MAIN_FUNCTION NT_OTHER_FUNCTIONS TK_END NT_RETURN_STMT NT_OTHER_STMTS TK_ENDWHILE NT_OTHER_STMTS NT_STMT TK_CL NT_BOOLEAN_EXPRESSION TK_OP 
Stack after:
NT_MAIN_FUNCTION NT_OTHER_FUNCTIONS TK_END NT_RETURN_STMT NT_OTHER_STMTS TK_ENDWHILE NT_OTHER_STMTS NT_STMT TK_CL NT_BOOLEAN_EXPRESSION 
Line no. 9     Lexeme b5b567                         Token TK_ID
Stack before:
NT_MAIN_FUNCTION NT_OTHER_FUNCTIONS TK_END NT_RETURN_STMT NT_OTHER_STMTS TK_ENDWHILE NT_OTHER_STMTS NT_STMT TK_CL NT_BOOLEAN_EXPRESSION 
Pushing rule NT_VAR NT_RELATIONAL_OP NT_VAR 
NT_VAR NT_RELATIONAL_OP NT_VAR Pushing rule NT_SINGLE_OR_REC_ID 
NT_SINGLE_OR_REC_ID Pushing rule TK_ID NT_REC_ID 
NT_REC_ID TK_ID Stack after:
NT_MAIN_FUNCTION NT_OTHER_FUNCTIONS TK_END NT_RETURN_STMT NT_OTHER_STMTS TK_ENDWHILE NT_OTHER_STMTS NT_STMT TK_CL NT_VAR NT_RELATIONAL_OP NT_REC_ID 
Line no. 9     Lexeme <=                             Token TK_LE
Stack before:
NT_MAIN_FUNCTION NT_OTHER_FUNCTIONS TK_END NT_RETURN_STMT NT_OTHER_STMTS TK_ENDWHILE NT_OTHER_STMTS NT_STMT TK_CL NT_VAR NT_RELATIONAL_OP NT_REC_ID 
Pushing rule EPSILON 
Pushing rule TK_LE 
TK_LE Stack after:
NT_MAIN_FUNCTION NT_OTHER_FUNCTIONS TK_END NT_RETURN_STMT NT_OTHER_STMTS TK_ENDWHILE NT_OTHER_STMTS NT_STMT TK_CL NT_VAR 
Line no. 9     Lexeme d5cc34                         Token TK_ID
Stack before:
NT_MAIN_FUNCTION NT_OTHER_FUNCTIONS TK_END NT_RETURN_STMT NT_OTHER_STMTS TK_ENDWHILE NT_OTHER_STMTS NT_STMT TK_CL NT_VAR 
Pushing rule NT_SINGLE_OR_REC_ID 
NT_SINGLE_OR_REC_ID Pushing rule TK_ID NT_REC_ID 
NT_REC_ID TK_ID Stack after:
NT_MAIN_FUNCTION NT_OTHER_FUNCTIONS TK_END NT_RETURN_STMT NT_OTHER_STMTS TK_ENDWHILE NT_OTHER_STMTS NT_STMT TK_CL NT_REC_ID 
Line no. 9     Lexeme )                              Token TK_CL
Stack before:
NT_MAIN_FUNCTION NT_OTHER_FUNCTIONS TK_END NT_RETURN_STMT NT_OTHER_STMTS TK_ENDWHILE NT_OTHER_STMTS NT_STMT TK_CL NT_REC_ID 
Pushing rule EPSILON 
Stack after:
NT_MAIN_FUNCTION NT_OTHER_FUNCTIONS TK_END NT_RETURN_STMT NT_OTHER_STMTS TK_ENDWHILE NT_OTHER_STMTS NT_STMT 
Line no. 10    Lexeme read                           Token TK_READ
Stack before:
NT_MAIN_FUNCTION NT_OTHER_FUNCTIONS TK_END NT_RETURN_STMT NT_OTHER_STMTS TK_ENDWHILE NT_OTHER_STMTS NT_STMT 
Pushing rule NT_IO_STMT 
NT_IO_STMT Pushing rule TK_READ TK_OP NT_VAR TK_CL TK_SEM 
TK_SEM TK_CL NT_VAR TK_OP TK_READ Stack after:
NT_MAIN_FUNCTION NT_OTHER_FUNCTIONS TK_END NT_RETURN_STMT NT_OTHER_STMTS TK_ENDWHILE NT_OTHER_STMTS TK_SEM TK_CL NT_VAR TK_OP 
Line no. 10    Lexeme (                              Token TK_OP
Stack before:
NT_MAIN_FUNCTION NT_OTHER_FUNCTIONS TK_END NT_RETURN_STMT NT_OTHER_STMTS TK_ENDWHILE NT_OTHER_STMTS TK_SEM TK_CL NT_VAR TK_OP 
Stack after:
NT_MAIN_FUNCTION NT_OTHER_FUNCTIONS TK_END NT_RETURN_STMT NT_OTHER_STMTS TK_ENDWHILE NT_OTHER_STMTS TK_SEM TK_CL NT_VAR 
Line no. 10    Lexeme c3bd                           Token TK_ID
Stack before:
NT_MAIN_FUNCTION NT_OTHER_FUNCTIONS TK_END NT_RETURN_STMT NT_OTHER_STMTS TK_ENDWHILE NT_OTHER_STMTS TK_SEM TK_CL NT_VAR 
Pushing rule NT_SINGLE_OR_REC_ID 
NT_SINGLE_OR_REC_ID Pushing rule TK_ID NT_REC_ID 
NT_REC_ID TK_ID Stack after:
NT_MAIN_FUNCTION NT_OTHER_FUNCTIONS TK_END NT_RETURN_STMT NT_OTHER_STMTS TK_ENDWHILE NT_OTHER_STMTS TK_SEM TK_CL NT_REC_ID 
Line no. 10    Lexeme )                              Token TK_CL
Stack before:
NT_MAIN_FUNCTION NT_OTHER_FUNCTIONS TK_END NT_RETURN_STMT NT_OTHER_STMTS TK_ENDWHILE NT_OTHER_STMTS TK_SEM TK_CL NT_REC_ID 
Pushing rule EPSILON 
Stack after:
NT_MAIN_FUNCTION NT_OTHER_FUNCTIONS TK_END NT_RETURN_STMT NT_OTHER_STMTS TK_ENDWHILE NT_OTHER_STMTS TK_SEM 
Line no. 10    Lexeme ;                              Token TK_SEM
Stack before:
NT_MAIN_FUNCTION NT_OTHER_FUNCTIONS TK_END NT_RETURN_STMT NT_OTHER_STMTS TK_ENDWHILE NT_OTHER_STMTS TK_SEM 
Stack after:
NT_MAIN_FUNCTION NT_OTHER_FUNCTIONS TK_END NT_RETURN_STMT NT_OTHER_STMTS TK_ENDWHILE NT_OTHER_STMTS 
Line no. 11    Lexeme d3                             Token TK_ID
Stack before:
NT_MAIN_FUNCTION NT_OTHER_FUNCTIONS TK_END NT_RETURN_STMT NT_OTHER_STMTS TK_ENDWHILE NT_OTHER_STMTS 
Pushing rule NT_STMT NT_OTHER_STMTS 
NT_OTHER_STMTS NT_STMT Pushing rule NT_ASSIGNMENT_STMT 
NT_ASSIGNMENT_STMT Pushing rule NT_SINGLE_OR_REC_ID TK_ASSIGNOP NT_ARITHMETIC_EXPRESSION TK_SEM 
TK_SEM NT_ARITHMETIC_EXPRESSION TK_ASSIGNOP NT_SINGLE_OR_REC_ID Pushing rule TK_ID NT_REC_ID 
NT_REC_ID TK_ID Stack after:
NT_MAIN_FUNCTION NT_OTHER_FUNCTIONS TK_END NT_RETURN_STMT NT_OTHER_STMTS TK_ENDWHILE NT_OTHER_STMTS TK_SEM NT_ARITHMETIC_EXPRESSION TK_ASSIGNOP NT_REC_ID 
Line no. 11    Lexeme <---                           Token TK_ASSIGNOP
Stack before:
NT_MAIN_FUNCTION NT_OTHER_FUNCTIONS TK_END NT_RETURN_STMT NT_OTHER_STMTS TK_ENDWHILE NT_OTHER_STMTS TK_SEM NT_ARITHMETIC_EXPRESSION TK_ASSIGNOP NT_REC_ID 
Pushing rule EPSILON 
Stack after:
NT_MAIN_FUNCTION NT_OTHER_FUNCTIONS TK_END NT_RETURN_STMT NT_OTHER_STMTS TK_ENDWHILE NT_OTHER_STMTS TK_SEM NT_ARITHMETIC_EXPRESSION 
Line no. 11    Lexeme d3                             Token TK_ID
Stack before:
NT_MAIN_FUNCTION NT_OTHER_FUNCTIONS TK_END NT_RETURN_STMT NT_OTHER_STMTS TK_ENDWHILE NT_OTHER_STMTS TK_SEM NT_ARITHMETIC_EXPRESSION 
Pushing rule NT_TERM NT_NEW5 
NT_NEW5 NT_TERM Pushing rule NT_FACTOR NT_NEW6 
NT_NEW6 NT_FACTOR Pushing rule NT_VAR 
NT_VAR Pushing rule NT_SINGLE_OR_REC_ID 
NT_SINGLE_OR_REC_ID Pushing rule TK_ID NT_REC_ID 
NT_REC_ID TK_ID Stack after:
NT_MAIN_FUNCTION NT_OTHER_FUNCTIONS TK_END NT_RETURN_STMT NT_OTHER_STMTS TK_ENDWHILE NT_OTHER_STMTS TK_SEM NT_NEW5 NT_NEW6 NT_REC_ID 
Line no. 11    Lexeme +                              Token TK_PLUS
Stack before:
NT_MAIN_FUNCTION NT_OTHER_FUNCTIONS TK_END NT_RETURN_STMT NT_OTHER_STMTS TK_ENDWHILE NT_OTHER_STMTS TK_SEM NT_NEW5 NT_NEW6 NT_REC_ID 
Pushing rule EPSILON 
Pushing rule EPSILON 
Pushing rule NT_OPERATOR NT_TERM NT_NEW5 
NT_NEW5 NT_TERM NT_OPERATOR Pushing rule TK_PLUS 
TK_PLUS Stack after:
NT_MAIN_FUNCTION NT_OTHER_FUNCTIONS TK_END NT_RETURN_STMT NT_OTHER_STMTS TK_ENDWHILE NT_OTHER_STMTS TK_SEM NT_NEW5 NT_TERM 
Line no. 11    Lexeme c3bd                           Token TK_ID
Stack before:
NT_MAIN_FUNCTION NT_OTHER_FUNCTIONS TK_END NT_RETURN_STMT NT_OTHER_STMTS TK_ENDWHILE NT_OTHER_STMTS TK_SEM NT_NEW5 NT_TERM 
Pushing rule NT_FACTOR NT_NEW6 
NT_NEW6 NT_FACTOR Pushing rule NT_VAR 
NT_VAR Pushing rule NT_SINGLE_OR_REC_ID 
NT_SINGLE_OR_REC_ID Pushing rule TK_ID NT_REC_ID 
NT_REC_ID TK_ID Stack after:
NT_MAIN_FUNCTION NT_OTHER_FUNCTIONS TK_END NT_RETURN_STMT NT_OTHER_STMTS TK_ENDWHILE NT_OTHER_STMTS TK_SEM NT_NEW5 NT_NEW6 NT_REC_ID 
Line no. 11    Lexeme ;                              Token TK_SEM
Stack before:
NT_MAIN_FUNCTION NT_OTHER_FUNCTIONS TK_END NT_RETURN_STMT NT_OTHER_STMTS TK_ENDWHILE NT_OTHER_STMTS TK_SEM NT_NEW5 NT_NEW6 NT_REC_ID 
Pushing rule EPSILON 
Pushing rule EPSILON 
Pushing rule EPSILON 
Stack after:
NT_MAIN_FUNCTION NT_OTHER_FUNCTIONS TK_END NT_RETURN_STMT NT_OTHER_STMTS TK_ENDWHILE NT_OTHER_STMTS 
Line no. 12    Lexeme b5b567                         Token TK_ID
Stack before:
NT_MAIN_FUNCTION NT_OTHER_FUNCTIONS TK_END NT_RETURN_STMT NT_OTHER_STMTS TK_ENDWHILE NT_OTHER_STMTS 
Pushing rule NT_STMT NT_OTHER_STMTS 
NT_OTHER_STMTS NT_STMT Pushing rule NT_ASSIGNMENT_STMT 
NT_ASSIGNMENT_STMT Pushing rule NT_SINGLE_OR_REC_ID TK_ASSIGNOP NT_ARITHMETIC_EXPRESSION TK_SEM 
TK_SEM NT_ARITHMETIC_EXPRESSION TK_ASSIGNOP NT_SINGLE_OR_REC_ID Pushing rule TK_ID NT_REC_ID 
NT_REC_ID TK_ID Stack after:
NT_MAIN_FUNCTION NT_OTHER_FUNCTIONS TK_END NT_RETURN_STMT NT_OTHER_STMTS TK_ENDWHILE NT_OTHER_STMTS TK_SEM NT_ARITHMETIC_EXPRESSION TK_ASSIGNOP NT_REC_ID 
Line no. 12    Lexeme <---                           Token TK_ASSIGNOP
Stack before:
NT_MAIN_FUNCTION NT_OTHER_FUNCTIONS TK_END NT_RETURN_STMT NT_OTHER_STMTS TK_ENDWHILE NT_OTHER_STMTS TK_SEM NT_ARITHMETIC_EXPRESSION TK_ASSIGNOP NT_REC_ID 
Pushing rule EPSILON 
Stack after:
NT_MAIN_FUNCTION NT_OTHER_FUNCTIONS TK_END NT_RETURN_STMT NT_OTHER_STMTS TK_ENDWHILE NT_OTHER_STMTS TK_SEM NT_ARITHMETIC_EXPRESSION 
Line no. 12    Lexeme b5b567                         Token TK_ID
Stack before:
NT_MAIN_FUNCTION NT_OTHER_FUNCTIONS TK_END NT_RETURN_STMT NT_OTHER_STMTS TK_ENDWHILE NT_OTHER_STMTS TK_SEM NT_ARITHMETIC_EXPRESSION 
Pushing rule NT_TERM NT_NEW5 
NT_NEW5 NT_TERM Pushing rule NT_FACTOR NT_NEW6 
NT_NEW6 NT_FACTOR Pushing rule NT_VAR 
NT_VAR Pushing rule NT_SINGLE_OR_REC_ID 
NT_SINGLE_OR_REC_ID Pushing rule TK_ID NT_REC_ID 
NT_REC_ID TK_ID Stack after:
NT_MAIN_FUNCTION NT_OTHER_FUNCTIONS TK_END NT_RETURN_STMT NT_OTHER_STMTS TK_ENDWHILE NT_OTHER_STMTS TK_SEM NT_NEW5 NT_NEW6 NT_REC_ID 
Line no. 12    Lexeme +                              Token TK_PLUS
Stack before:
NT_MAIN_FUNCTION NT_OTHER_FUNCTIONS TK_END NT_RETURN_STMT NT_OTHER_STMTS TK_ENDWHILE NT_OTHER_STMTS TK_SEM NT_NEW5 NT_NEW6 NT_REC_ID 
Pushing rule EPSILON 
Pushing rule EPSILON 
Pushing rule NT_OPERATOR NT_TERM NT_NEW5 
NT_NEW5 NT_TERM NT_OPERATOR Pushing rule TK_PLUS 
TK_PLUS Stack after:
NT_MAIN_FUNCTION NT_OTHER_FUNCTIONS TK_END NT_RETURN_STMT NT_OTHER_STMTS TK_ENDWHILE NT_OTHER_STMTS TK_SEM NT_NEW5 NT_TERM 
Line no. 12    Lexeme 1                              Token TK_NUM
Stack before:
NT_MAIN_FUNCTION NT_OTHER_FUNCTIONS TK_END NT_RETURN_STMT NT_OTHER_STMTS TK_ENDWHILE NT_OTHER_STMTS TK_SEM NT_NEW5 NT_TERM 
Pushing rule NT_FACTOR NT_NEW6 
NT_NEW6 NT_FACTOR Pushing rule NT_VAR 
NT_VAR Pushing rule TK_NUM 
TK_NUM Stack after:
NT_MAIN_FUNCTION NT_OTHER_FUNCTIONS TK_END NT_RETURN_STMT NT_OTHER_STMTS TK_ENDWHILE NT_OTHER_STMTS TK_SEM NT_NEW5 NT_NEW6 
Line no. 12    Lexeme ;                              Token TK_SEM
Stack before:
NT_MAIN_FUNCTION NT_OTHER_FUNCTIONS TK_END NT_RETURN_STMT NT_OTHER_STMTS TK_ENDWHILE NT_OTHER_STMTS TK_SEM NT_NEW5 NT_NEW6 
Pushing rule EPSILON 
Pushing rule EPSILON 
Stack after:
NT_MAIN_FUNCTION NT_OTHER_FUNCTIONS TK_END NT_RETURN_STMT NT_OTHER_STMTS TK_ENDWHILE NT_OTHER_STMTS 
Line no. 13    Lexeme endwhile                       Token TK_ENDWHILE
Stack before:
NT_MAIN_FUNCTION NT_OTHER_FUNCTIONS TK_END NT_RETURN_STMT NT_OTHER_STMTS TK_ENDWHILE NT_OTHER_STMTS 
Pushing rule EPSILON 
Stack after:
NT_MAIN_FUNCTION NT_OTHER_FUNCTIONS TK_END NT_RETURN_STMT NT_OTHER_STMTS 
Line no. 14    Lexeme return                         Token TK_RETURN
Stack before:
NT_MAIN_FUNCTION NT_OTHER_FUNCTIONS TK_END NT_RETURN_STMT NT_OTHER_STMTS 
Pushing rule EPSILON 
Pushing rule TK_RETURN NT_OPTIONAL_RETURN TK_SEM 
TK_SEM NT_OPTIONAL_RETURN TK_RETURN Stack after:
NT_MAIN_FUNCTION NT_OTHER_FUNCTIONS TK_END TK_SEM NT_OPTIONAL_RETURN 
Line no. 14    Lexeme [                              Token TK_SQL
Stack before:
NT_MAIN_FUNCTION NT_OTHER_FUNCTIONS TK_END TK_SEM NT_OPTIONAL_RETURN 
Pushing rule TK_SQL NT_ID_LIST TK_SQR 
TK_SQR NT_ID_LIST TK_SQL Stack after:
NT_MAIN_FUNCTION NT_OTHER_FUNCTIONS TK_END TK_SEM TK_SQR NT_ID_LIST 
Line no. 14    Lexeme d3                             Token TK_ID
Stack before:
NT_MAIN_FUNCTION NT_OTHER_FUNCTIONS TK_END TK_SEM TK_SQR NT_ID_LIST 
Pushing rule TK_ID NT_MORE_IDS 
NT_MORE_IDS TK_ID Stack after:
NT_MAIN_FUNCTION NT_OTHER_FUNCTIONS TK_END TK_SEM TK_SQR NT_MORE_IDS 
Line no. 14    Lexeme ]                              Token TK_SQR
Stack before:
NT_MAIN_FUNCTION NT_OTHER_FUNCTIONS TK_END TK_SEM TK_SQR NT_MORE_IDS 
Pushing rule EPSILON 
Stack after:
NT_MAIN_FUNCTION NT_OTHER_FUNCTIONS TK_END TK_SEM 
Line no. 14    Lexeme ;                              Token TK_SEM
Stack before:
NT_MAIN_FUNCTION NT_OTHER_FUNCTIONS TK_END TK_SEM 
Stack after:
NT_MAIN_FUNCTION NT_OTHER_FUNCTIONS TK_END 
Line no. 15    Lexeme end                            Token TK_END
Stack before:
NT_MAIN_FUNCTION NT_OTHER_FUNCTIONS TK_END 
Stack after:
NT_MAIN_FUNCTION NT_OTHER_FUNCTIONS 
Line no. 17    Lexeme _main                          Token TK_MAIN
Stack before:
NT_MAIN_FUNCTION NT_OTHER_FUNCTIONS 
Pushing rule EPSILON 
Pushing rule TK_MAIN NT_STMTS TK_END 
TK_END NT_STMTS TK_MAIN Stack after:
TK_END NT_STMTS 
Line no. 18    Lexeme type                           Token TK_TYPE
Stack before:
TK_END NT_STMTS 
Pushing rule NT_TYPE_DEFINITIONS NT_DECLARATIONS NT_OTHER_STMTS NT_RETURN_STMT 
NT_RETURN_STMT NT_OTHER_STMTS NT_DECLARATIONS NT_TYPE_DEFINITIONS Pushing rule EPSILON 
Pushing rule NT_DECLARATION NT_DECLARATIONS 
NT_DECLARATIONS NT_DECLARATION Pushing rule TK_TYPE NT_DATA_TYPE TK_COLON TK_ID NT_GLOBAL_OR_NOT TK_SEM 
TK_SEM NT_GLOBAL_OR_NOT TK_ID TK_COLON NT_DATA_TYPE TK_TYPE Stack after:
TK_END NT_RETURN_STMT NT_OTHER_STMTS NT_DECLARATIONS TK_SEM NT_GLOBAL_OR_NOT TK_ID TK_COLON NT_DATA_TYPE 
Line no. 18    Lexeme int                            Token TK_INT
Stack before:
TK_END NT_RETURN_STMT NT_OTHER_STMTS NT_DECLARATIONS TK_SEM NT_GLOBAL_OR_NOT TK_ID TK_COLON NT_DATA_TYPE 
Pushing rule NT_PRIMITIVE_DATA_TYPE 
NT_PRIMITIVE_DATA_TYPE Pushing rule TK_INT 
TK_INT Stack after:
TK_END NT_RETURN_STMT NT_OTHER_STMTS NT_DECLARATIONS TK_SEM NT_GLOBAL_OR_NOT TK_ID TK_COLON 
Line no. 18    Lexeme :                              Token TK_COLON
Stack before:
TK_END NT_RETURN_STMT NT_OTHER_STMTS NT_DECLARATIONS TK_SEM NT_GLOBAL_OR_NOT TK_ID TK_COLON 
Stack after:
TK_END NT_RETURN_STMT NT_OTHER_STMTS NT_DECLARATIONS TK_SEM NT_GLOBAL_OR_NOT TK_ID 
Line no. 18    Lexeme b3                             Token TK_ID
Stack before:
TK_END NT_RETURN_STMT NT_OTHER_STMTS NT_DECLARATIONS TK_SEM NT_GLOBAL_OR_NOT TK_ID 
Stack after:
TK_END NT_RETURN_STMT NT_OTHER_STMTS NT_DECLARATIONS TK_SEM NT_GLOBAL_OR_NOT 
Line no. 18    Lexeme ;                              Token TK_SEM
Stack before:
TK_END NT_RETURN_STMT NT_OTHER_STMTS NT_DECLARATIONS TK_SEM NT_GLOBAL_OR_NOT 
Pushing rule EPSILON 
Stack after:
TK_END NT_RETURN_STMT NT_OTHER_STMTS NT_DECLARATIONS 
Line no. 19    Lexeme type                           Token TK_TYPE
Stack before:
TK_END NT_RETURN_STMT NT_OTHER_STMTS NT_DECLARATIONS 
Pushing rule NT_DECLARATION NT_DECLARATIONS 
NT_DECLARATIONS NT_DECLARATION Pushing rule TK_TYPE NT_DATA_TYPE TK_COLON TK_ID NT_GLOBAL_OR_NOT TK_SEM 
TK_SEM NT_GLOBAL_OR_NOT TK_ID TK_COLON NT_DATA_TYPE TK_TYPE Stack after:
TK_END NT_RETURN_STMT NT_OTHER_STMTS NT_DECLARATIONS TK_SEM NT_GLOBAL_OR_NOT TK_ID TK_COLON NT_DATA_TYPE 
Line no. 19    Lexeme real                           Token TK_REAL
Stack before:
TK_END NT_RETURN_STMT NT_OTHER_STMTS NT_DECLARATIONS TK_SEM NT_GLOBAL_OR_NOT TK_ID TK_COLON NT_DATA_TYPE 
Pushing rule NT_PRIMITIVE_DATA_TYPE 
NT_PRIMITIVE_DATA_TYPE Pushing rule TK_REAL 
TK_REAL Stack after:
TK_END NT_RETURN_STMT NT_OTHER_STMTS NT_DECLARATIONS TK_SEM NT_GLOBAL_OR_NOT TK_ID TK_COLON 
Line no. 19    Lexeme :                              Token TK_COLON
Stack before:
TK_END NT_RETURN_STMT NT_OTHER_STMTS NT_DECLARATIONS TK_SEM NT_GLOBAL_OR_NOT TK_ID TK_COLON 
Stack after:
TK_END NT_RETURN_STMT NT_OTHER_STMTS NT_DECLARATIONS TK_SEM NT_GLOBAL_OR_NOT TK_ID 
Line no. 19    Lexeme c4bd56                         Token TK_ID
Stack before:
TK_END NT_RETURN_STMT NT_OTHER_STMTS NT_DECLARATIONS TK_SEM NT_GLOBAL_OR_NOT TK_ID 
Stack after:
TK_END NT_RETURN_STMT NT_OTHER_STMTS NT_DECLARATIONS TK_SEM NT_GLOBAL_OR_NOT 
Line no. 19    Lexeme ;                              Token TK_SEM
Stack before:
TK_END NT_RETURN_STMT NT_OTHER_STMTS NT_DECLARATIONS TK_SEM NT_GLOBAL_OR_NOT 
Pushing rule EPSILON 
Stack after:
TK_END NT_RETURN_STMT NT_OTHER_STMTS NT_DECLARATIONS 
Line no. 20    Lexeme b3                             Token TK_ID
Stack before:
TK_END NT_RETURN_STMT NT_OTHER_STMTS NT_DECLARATIONS 
Pushing rule EPSILON 
Pushing rule NT_STMT NT_OTHER_STMTS 
NT_OTHER_STMTS NT_STMT Pushing rule NT_ASSIGNMENT_STMT 
NT_ASSIGNMENT_STMT Pushing rule NT_SINGLE_OR_REC_ID TK_ASSIGNOP NT_ARITHMETIC_EXPRESSION TK_SEM 
TK_SEM NT_ARITHMETIC_EXPRESSION TK_ASSIGNOP NT_SINGLE_OR_REC_ID Pushing rule TK_ID NT_REC_ID 
NT_REC_ID TK_ID Stack after:
TK_END NT_RETURN_STMT NT_OTHER_STMTS TK_SEM NT_ARITHMETIC_EXPRESSION TK_ASSIGNOP NT_REC_ID 
Line no. 20    Lexeme <---                           Token TK_ASSIGNOP
Stack before:
TK_END NT_RETURN_STMT NT_OTHER_STMTS TK_SEM NT_ARITHMETIC_EXPRESSION TK_ASSIGNOP NT_REC_ID 
Pushing rule EPSILON 
Stack after:
TK_END NT_RETURN_STMT NT_OTHER_STMTS TK_SEM NT_ARITHMETIC_EXPRESSION 
Line no. 20    Lexeme 7                              Token TK_NUM
Stack before:
TK_END NT_RETURN_STMT NT_OTHER_STMTS TK_SEM NT_ARITHMETIC_EXPRESSION 
Pushing rule NT_TERM NT_NEW5 
NT_NEW5 NT_TERM Pushing rule NT_FACTOR NT_NEW6 
NT_NEW6 NT_FACTOR Pushing rule NT_VAR 
NT_VAR Pushing rule TK_NUM 
TK_NUM Stack after:
TK_END NT_RETURN_STMT NT_OTHER_STMTS TK_SEM NT_NEW5 NT_NEW6 
Line no. 20    Lexeme ;                              Token TK_SEM
Stack before:
TK_END NT_RETURN_STMT NT_OTHER_STMTS TK_SEM NT_NEW5 NT_NEW6 
Pushing rule EPSILON 
Pushing rule EPSILON 
Stack after:
TK_END NT_RETURN_STMT NT_OTHER_STMTS 
Line no. 21    Lexeme [                              Token TK_SQL
Stack before:
TK_END NT_RETURN_STMT NT_OTHER_STMTS 
Pushing rule NT_STMT NT_OTHER_STMTS 
NT_OTHER_STMTS NT_STMT Pushing rule NT_FUN_CALL_STMT 
NT_FUN_CALL_STMT Pushing rule NT_OUTPUT_PARAMETERS TK_CALL TK_FUNID TK_WITH TK_PARAMETERS NT_INPUT_PARAMETERS TK_SEM 
TK_SEM NT_INPUT_PARAMETERS TK_PARAMETERS TK_WITH TK_FUNID TK_CALL NT_OUTPUT_PARAMETERS Pushing rule TK_SQL NT_ID_LIST TK_SQR TK_ASSIGNOP 
TK_ASSIGNOP TK_SQR NT_ID_LIST TK_SQL Stack after:
TK_END NT_RETURN_STMT NT_OTHER_STMTS TK_SEM NT_INPUT_PARAMETERS TK_PARAMETERS TK_WITH TK_FUNID TK_CALL TK_ASSIGNOP TK_SQR NT_ID_LIST 
Line no. 21    Lexeme c4bd56                         Token TK_ID
Stack before:
TK_END NT_RETURN_STMT NT_OTHER_STMTS TK_SEM NT_INPUT_PARAMETERS TK_PARAMETERS TK_WITH TK_FUNID TK_CALL TK_ASSIGNOP TK_SQR NT_ID_LIST 
Pushing rule TK_ID NT_MORE_IDS 
NT_MORE_IDS TK_ID Stack after:
TK_END NT_RETURN_STMT NT_OTHER_STMTS TK_SEM NT_INPUT_PARAMETERS TK_PARAMETERS TK_WITH TK_FUNID TK_CALL TK_ASSIGNOP TK_SQR NT_MORE_IDS 
Line no. 21    Lexeme ]                              Token TK_SQR
Stack before:
TK_END NT_RETURN_STMT NT_OTHER_STMTS TK_SEM NT_INPUT_PARAMETERS TK_PARAMETERS TK_WITH TK_FUNID TK_CALL TK_ASSIGNOP TK_SQR NT_MORE_IDS 
Pushing rule EPSILON 
Stack after:
TK_END NT_RETURN_STMT NT_OTHER_STMTS TK_SEM NT_INPUT_PARAMETERS TK_PARAMETERS TK_WITH TK_FUNID TK_CALL TK_ASSIGNOP 
Line no. 21    Lexeme <---                           Token TK_ASSIGNOP
Stack before:
TK_END NT_RETURN_STMT NT_OTHER_STMTS TK_SEM NT_INPUT_PARAMETERS TK_PARAMETERS TK_WITH TK_FUNID TK_CALL TK_ASSIGNOP 
Stack after:
TK_END NT_RETURN_STMT NT_OTHER_STMTS TK_SEM NT_INPUT_PARAMETERS TK_PARAMETERS TK_WITH TK_FUNID TK_CALL 
Line no. 21    Lexeme call                           Token TK_CALL
Stack before:
TK_END NT_RETURN_STMT NT_OTHER_STMTS TK_SEM NT_INPUT_PARAMETERS TK_PARAMETERS TK_WITH TK_FUNID TK_CALL 
Stack after:
TK_END NT_RETURN_STMT NT_OTHER_STMTS TK_SEM NT_INPUT_PARAMETERS TK_PARAMETERS TK_WITH TK_FUNID 
Line no. 21    Lexeme _sumN                          Token TK_FUNID
Stack before:
TK_END NT_RETURN_STMT NT_OTHER_STMTS TK_SEM NT_INPUT_PARAMETERS TK_PARAMETERS TK_WITH TK_FUNID 
Stack after:
TK_END NT_RETURN_STMT NT_OTHER_STMTS TK_SEM NT_INPUT_PARAMETERS TK_PARAMETERS TK_WITH 
Line no. 21    Lexeme with                           Token TK_WITH
Stack before:
TK_END NT_RETURN_STMT NT_OTHER_STMTS TK_SEM NT_INPUT_PARAMETERS TK_PARAMETERS TK_WITH 
Stack after:
TK_END NT_RETURN_STMT NT_OTHER_STMTS TK_SEM NT_INPUT_PARAMETERS TK_PARAMETERS 
Line no. 21    Lexeme parameters                     Token TK_PARAMETERS
Stack before:
TK_END NT_RETURN_STMT NT_OTHER_STMTS TK_SEM NT_INPUT_PARAMETERS TK_PARAMETERS 
Stack after:
TK_END NT_RETURN_STMT NT_OTHER_STMTS TK_SEM NT_INPUT_PARAMETERS 
Line no. 21    Lexeme [                              Token TK_SQL
Stack before:
TK_END NT_RETURN_STMT NT_OTHER_STMTS TK_SEM NT_INPUT_PARAMETERS 
Pushing rule TK_SQL NT_ID_LIST TK_SQR 
TK_SQR NT_ID_LIST TK_SQL Stack after:
TK_END NT_RETURN_STMT NT_OTHER_STMTS TK_SEM TK_SQR NT_ID_LIST 
Line no. 21    Lexeme b3                             Token TK_ID
Stack before:
TK_END NT_RETURN_STMT NT_OTHER_STMTS TK_SEM TK_SQR NT_ID_LIST 
Pushing rule TK_ID NT_MORE_IDS 
NT_MORE_IDS TK_ID Stack after:
TK_END NT_RETURN_STMT NT_OTHER_STMTS TK_SEM TK_SQR NT_MORE_IDS 
Line no. 21    Lexeme ]                              Token TK_SQR
Stack before:
TK_END NT_RETURN_STMT NT_OTHER_STMTS TK_SEM TK_SQR NT_MORE_IDS 
Pushing rule EPSILON 
Stack after:
TK_END NT_RETURN_STMT NT_OTHER_STMTS TK_SEM 
Line no. 21    Lexeme ;                              Token TK_SEM
Stack before:
TK_END NT_RETURN_STMT NT_OTHER_STMTS TK_SEM 
Stack after:
TK_END NT_RETURN_STMT NT_OTHER_STMTS 
Line no. 22    Lexeme write                          Token TK_WRITE
Stack before:
TK_END NT_RETURN_STMT NT_OTHER_STMTS 
Pushing rule NT_STMT NT_OTHER_STMTS 
NT_OTHER_STMTS NT_STMT Pushing rule NT_IO_STMT 
NT_IO_STMT Pushing rule TK_WRITE TK_OP NT_VAR TK_CL TK_SEM 
TK_SEM TK_CL NT_VAR TK_OP TK_WRITE Stack after:
TK_END NT_RETURN_STMT NT_OTHER_STMTS TK_SEM TK_CL NT_VAR TK_OP 
Line no. 22    Lexeme (                              Token TK_OP
Stack before:
TK_END NT_RETURN_STMT NT_OTHER_STMTS TK_SEM TK_CL NT_VAR TK_OP 
Stack after:
TK_END NT_RETURN_STMT NT_OTHER_STMTS TK_SEM TK_CL NT_VAR 
Line no. 22    Lexeme c4bd56                         Token TK_ID
Stack before:
TK_END NT_RETURN_STMT NT_OTHER_STMTS TK_SEM TK_CL NT_VAR 
Pushing rule NT_SINGLE_OR_REC_ID 
NT_SINGLE_OR_REC_ID Pushing rule TK_ID NT_REC_ID 
NT_REC_ID TK_ID Stack after:
TK_END NT_RETURN_STMT NT_OTHER_STMTS TK_SEM TK_CL NT_REC_ID 
Line no. 22    Lexeme )                              Token TK_CL
Stack before:
TK_END NT_RETURN_STMT NT_OTHER_STMTS TK_SEM TK_CL NT_REC_ID 
Pushing rule EPSILON 
Stack after:
TK_END NT_RETURN_STMT NT_OTHER_STMTS TK_SEM 
Line no. 22    Lexeme ;                              Token TK_SEM
Stack before:
TK_END NT_RETURN_STMT NT_OTHER_STMTS TK_SEM 
Stack after:
TK_END NT_RETURN_STMT NT_OTHER_STMTS 
Line no. 23    Lexeme return                         Token TK_RETURN
Stack before:
TK_END NT_RETURN_STMT NT_OTHER_STMTS 
Pushing rule EPSILON 
Pushing rule TK_RETURN NT_OPTIONAL_RETURN TK_SEM 
TK_SEM NT_OPTIONAL_RETURN TK_RETURN Stack after:
TK_END TK_SEM NT_OPTIONAL_RETURN 
Line no. 23    Lexeme ;                              Token TK_SEM
Stack before:
TK_END TK_SEM NT_OPTIONAL_RETURN 
Pushing rule EPSILON 
Stack after:
TK_END 
Line no. 24    Lexeme end                            Token TK_END
Stack before:
TK_END 
Stack after:

